Using pre-set license
Built from '2021.3/staging' branch; Version is '2021.3.19f1 (c9714fde33b6) revision 13201743'; Using compiler version '192829333'; Build Type 'Release'
OS: 'Windows 11  (10.0.22000) 64bit Core' Language: 'ko' Physical Memory: 16139 MB
BatchMode: 1, IsHumanControllingUs: 0, StartBugReporterOnCrash: 0, Is64bit: 1, IsPro: 1

COMMAND LINE ARGUMENTS:
C:\Program Files\Unity 2021.3.19f1\Editor\Unity.exe
-adb2
-batchMode
-noUpm
-name
AssetImportWorker0
-projectPath
C:/kmk23/kmk23_A
-logFile
Logs/AssetImportWorker0.log
-srvPort
51911
Successfully changed project path to: C:/kmk23/kmk23_A
C:/kmk23/kmk23_A
[UnityMemory] Configuration Parameters - Can be set up in boot.config
    "memorysetup-bucket-allocator-granularity=16"
    "memorysetup-bucket-allocator-bucket-count=8"
    "memorysetup-bucket-allocator-block-size=33554432"
    "memorysetup-bucket-allocator-block-count=8"
    "memorysetup-main-allocator-block-size=16777216"
    "memorysetup-thread-allocator-block-size=16777216"
    "memorysetup-gfx-main-allocator-block-size=16777216"
    "memorysetup-gfx-thread-allocator-block-size=16777216"
    "memorysetup-cache-allocator-block-size=4194304"
    "memorysetup-typetree-allocator-block-size=2097152"
    "memorysetup-profiler-bucket-allocator-granularity=16"
    "memorysetup-profiler-bucket-allocator-bucket-count=8"
    "memorysetup-profiler-bucket-allocator-block-size=33554432"
    "memorysetup-profiler-bucket-allocator-block-count=8"
    "memorysetup-profiler-allocator-block-size=16777216"
    "memorysetup-profiler-editor-allocator-block-size=1048576"
    "memorysetup-temp-allocator-size-main=16777216"
    "memorysetup-job-temp-allocator-block-size=2097152"
    "memorysetup-job-temp-allocator-block-size-background=1048576"
    "memorysetup-job-temp-allocator-reduction-small-platforms=262144"
    "memorysetup-temp-allocator-size-background-worker=32768"
    "memorysetup-temp-allocator-size-job-worker=262144"
    "memorysetup-temp-allocator-size-preload-manager=33554432"
    "memorysetup-temp-allocator-size-nav-mesh-worker=65536"
    "memorysetup-temp-allocator-size-audio-worker=65536"
    "memorysetup-temp-allocator-size-cloud-worker=32768"
    "memorysetup-temp-allocator-size-gi-baking-worker=262144"
    "memorysetup-temp-allocator-size-gfx=262144"
Player connection [15108] Host "[IP] 192.168.15.23 [Port] 0 [Flags] 2 [Guid] 4161230212 [EditorId] 4161230212 [Version] 1048832 [Id] WindowsEditor(7,103-25) [Debug] 1 [PackageName] WindowsEditor [ProjectName] Editor" joined multi-casting on [225.0.0.222:54997]...

Player connection [15108] Host "[IP] 192.168.15.23 [Port] 0 [Flags] 2 [Guid] 4161230212 [EditorId] 4161230212 [Version] 1048832 [Id] WindowsEditor(7,103-25) [Debug] 1 [PackageName] WindowsEditor [ProjectName] Editor" joined alternative multi-casting on [225.0.0.222:34997]...

Refreshing native plugins compatible for Editor in 48.56 ms, found 3 plugins.
Preloading 0 native plugins for Editor in 0.00 ms.
Initialize engine version: 2021.3.19f1 (c9714fde33b6)
[Subsystems] Discovering subsystems at path C:/Program Files/Unity 2021.3.19f1/Editor/Data/Resources/UnitySubsystems
[Subsystems] Discovering subsystems at path C:/kmk23/kmk23_A/Assets
GfxDevice: creating device client; threaded=0; jobified=0
Direct3D:
    Version:  Direct3D 11.0 [level 11.1]
    Renderer: NVIDIA GeForce RTX 3060 Ti (ID=0x2489)
    Vendor:   NVIDIA
    VRAM:     8038 MB
    Driver:   31.0.15.3130
Initialize mono
Mono path[0] = 'C:/Program Files/Unity 2021.3.19f1/Editor/Data/Managed'
Mono path[1] = 'C:/Program Files/Unity 2021.3.19f1/Editor/Data/MonoBleedingEdge/lib/mono/unityjit-win32'
Mono config path = 'C:/Program Files/Unity 2021.3.19f1/Editor/Data/MonoBleedingEdge/etc'
Using monoOptions --debugger-agent=transport=dt_socket,embedding=1,server=y,suspend=n,address=127.0.0.1:56632
Begin MonoManager ReloadAssembly
Registering precompiled unity dll's ...
Register platform support module: C:/Program Files/Unity 2021.3.19f1/Editor/Data/PlaybackEngines/WindowsStandaloneSupport/UnityEditor.WindowsStandalone.Extensions.dll
Registered in 0.014799 seconds.
Native extension for WindowsStandalone target not found
Refreshing native plugins compatible for Editor in 42.27 ms, found 3 plugins.
Preloading 0 native plugins for Editor in 0.00 ms.
Mono: successfully reloaded assembly
- Completed reload, in  0.487 seconds
Domain Reload Profiling:
	ReloadAssembly (487ms)
		BeginReloadAssembly (99ms)
			ExecutionOrderSort (0ms)
			DisableScriptedObjects (0ms)
			BackupInstance (0ms)
			ReleaseScriptingObjects (0ms)
			CreateAndSetChildDomain (0ms)
		EndReloadAssembly (285ms)
			LoadAssemblies (94ms)
			RebuildTransferFunctionScriptingTraits (0ms)
			SetupTypeCache (68ms)
			ReleaseScriptCaches (0ms)
			RebuildScriptCaches (16ms)
			SetupLoadedEditorAssemblies (157ms)
				LogAssemblyErrors (0ms)
				InitializePlatformSupportModulesInManaged (8ms)
				SetLoadedEditorAssemblies (0ms)
				RefreshPlugins (42ms)
				BeforeProcessingInitializeOnLoad (1ms)
				ProcessInitializeOnLoadAttributes (75ms)
				ProcessInitializeOnLoadMethodAttributes (31ms)
				AfterProcessingInitializeOnLoad (0ms)
				EditorAssembliesLoaded (0ms)
			ExecutionOrderSort2 (0ms)
			AwakeInstancesAfterBackupRestoration (0ms)
Platform modules already initialized, skipping
Registering precompiled user dll's ...
Registered in 0.014481 seconds.
Begin MonoManager ReloadAssembly
Symbol file LoadedFromMemory doesn't match image C:\kmk23\kmk23_A\Library\PackageCache\com.unity.visualscripting@1.8.0\Editor\VisualScripting.Core\Dependencies\YamlDotNet\Unity.VisualScripting.YamlDotNet.dll
Symbol file LoadedFromMemory doesn't match image C:\kmk23\kmk23_A\Library\PackageCache\com.unity.visualscripting@1.8.0\Editor\VisualScripting.Core\Dependencies\DotNetZip\Unity.VisualScripting.IonicZip.dll
Native extension for WindowsStandalone target not found
Refreshing native plugins compatible for Editor in 0.31 ms, found 3 plugins.
Preloading 0 native plugins for Editor in 0.00 ms.
Mono: successfully reloaded assembly
- Completed reload, in  0.782 seconds
Domain Reload Profiling:
	ReloadAssembly (782ms)
		BeginReloadAssembly (119ms)
			ExecutionOrderSort (0ms)
			DisableScriptedObjects (3ms)
			BackupInstance (0ms)
			ReleaseScriptingObjects (0ms)
			CreateAndSetChildDomain (12ms)
		EndReloadAssembly (559ms)
			LoadAssemblies (114ms)
			RebuildTransferFunctionScriptingTraits (0ms)
			SetupTypeCache (171ms)
			ReleaseScriptCaches (0ms)
			RebuildScriptCaches (29ms)
			SetupLoadedEditorAssemblies (246ms)
				LogAssemblyErrors (0ms)
				InitializePlatformSupportModulesInManaged (6ms)
				SetLoadedEditorAssemblies (0ms)
				RefreshPlugins (0ms)
				BeforeProcessingInitializeOnLoad (74ms)
				ProcessInitializeOnLoadAttributes (135ms)
				ProcessInitializeOnLoadMethodAttributes (11ms)
				AfterProcessingInitializeOnLoad (20ms)
				EditorAssembliesLoaded (0ms)
			ExecutionOrderSort2 (0ms)
			AwakeInstancesAfterBackupRestoration (7ms)
Platform modules already initialized, skipping
========================================================================
Worker process is ready to serve import requests
Launched and connected shader compiler UnityShaderCompiler.exe after 0.03 seconds
Refreshing native plugins compatible for Editor in 0.34 ms, found 3 plugins.
Preloading 0 native plugins for Editor in 0.00 ms.
Unloading 3068 Unused Serialized files (Serialized files now loaded: 0)
Unloading 29 unused Assets / (113.5 KB). Loaded Objects now: 3523.
Memory consumption went from 108.1 MB to 108.0 MB.
Total: 1.864300 ms (FindLiveObjects: 0.158000 ms CreateObjectMapping: 0.063800 ms MarkObjects: 1.575000 ms  DeleteObjects: 0.066900 ms)

AssetImportParameters requested are different than current active one (requested -> active):
  custom:video-decoder-ogg-theora: a1e56fd34408186e4bbccfd4996cb3dc -> 
  custom:container-muxer-webm: aa71ff27fc2769a1b78a27578f13a17b -> 
  custom:container-demuxer-webm: 4f35f7cbe854078d1ac9338744f61a02 -> 
  custom:video-encoder-webm-vp8: eb34c28f22e8b96e1ab97ce403110664 -> 
  custom:audio-encoder-webm-vorbis: bf7c407c2cedff20999df2af8eb42d56 -> 
  custom:framework-win-MediaFoundation: 216162199b28c13a410421893ffa2e32 -> 
  custom:container-demuxer-ogg: 62fdf1f143b41e24485cea50d1cbac27 -> 
  custom:video-decoder-webm-vp8: 9c59270c3fd7afecdb556c50c9e8de78 -> 
  custom:audio-decoder-ogg-vorbis: bf7c407c2cedff20999df2af8eb42d56 -> 
========================================================================
Received Import Request.
  Time since last request: 6826.843086 seconds.
  path: Assets/Scripts/EnemySpawner.cs
  artifactKey: Guid(0c0e20a54eca1e34fb5d5bfd6b40dfda) Importer(815301076,1909f56bfc062723c751e8b465ee728b)
Start importing Assets/Scripts/EnemySpawner.cs using Guid(0c0e20a54eca1e34fb5d5bfd6b40dfda) Importer(815301076,1909f56bfc062723c751e8b465ee728b)  -> (artifact id: '5792f2737df4c4a07fbfd4539b44c0e7') in 0.026149 seconds 
========================================================================
Received Import Request.
  Time since last request: 91.088822 seconds.
  path: Assets/Scripts/EnemySpawner.cs
  artifactKey: Guid(0c0e20a54eca1e34fb5d5bfd6b40dfda) Importer(815301076,1909f56bfc062723c751e8b465ee728b)
Start importing Assets/Scripts/EnemySpawner.cs using Guid(0c0e20a54eca1e34fb5d5bfd6b40dfda) Importer(815301076,1909f56bfc062723c751e8b465ee728b)  -> (artifact id: '8c832ad88dae04745e5829a7f436525c') in 0.002922 seconds 
========================================================================
Received Import Request.
  Time since last request: 39.159878 seconds.
  path: Assets/Scripts/EnemySpawner.cs
  artifactKey: Guid(0c0e20a54eca1e34fb5d5bfd6b40dfda) Importer(815301076,1909f56bfc062723c751e8b465ee728b)
Start importing Assets/Scripts/EnemySpawner.cs using Guid(0c0e20a54eca1e34fb5d5bfd6b40dfda) Importer(815301076,1909f56bfc062723c751e8b465ee728b)  -> (artifact id: 'aa35d822701b8bd2699bf5c5757c0386') in 0.004997 seconds 
========================================================================
Received Import Request.
  Time since last request: 19.487378 seconds.
  path: Assets/Scripts/EnemySpawner.cs
  artifactKey: Guid(0c0e20a54eca1e34fb5d5bfd6b40dfda) Importer(815301076,1909f56bfc062723c751e8b465ee728b)
Start importing Assets/Scripts/EnemySpawner.cs using Guid(0c0e20a54eca1e34fb5d5bfd6b40dfda) Importer(815301076,1909f56bfc062723c751e8b465ee728b)  -> (artifact id: '9ba77185c95e80ff96d1e96bc4a03659') in 0.003639 seconds 
========================================================================
Received Import Request.
  Time since last request: 6.986701 seconds.
  path: Assets/Scripts/EnemySpawner.cs
  artifactKey: Guid(0c0e20a54eca1e34fb5d5bfd6b40dfda) Importer(815301076,1909f56bfc062723c751e8b465ee728b)
Start importing Assets/Scripts/EnemySpawner.cs using Guid(0c0e20a54eca1e34fb5d5bfd6b40dfda) Importer(815301076,1909f56bfc062723c751e8b465ee728b)  -> (artifact id: 'c0b30e755425784d09b4f1dc0678e9e4') in 0.004974 seconds 
========================================================================
Received Import Request.
  Time since last request: 26.247163 seconds.
  path: Assets/Scripts/EnemySpawner.cs
  artifactKey: Guid(0c0e20a54eca1e34fb5d5bfd6b40dfda) Importer(815301076,1909f56bfc062723c751e8b465ee728b)
Start importing Assets/Scripts/EnemySpawner.cs using Guid(0c0e20a54eca1e34fb5d5bfd6b40dfda) Importer(815301076,1909f56bfc062723c751e8b465ee728b)  -> (artifact id: '32b73936e8a7dade783342cfc3ef2e95') in 0.003131 seconds 
========================================================================
Received Import Request.
  Time since last request: 24.742348 seconds.
  path: Assets/Scripts/EnemySpawner.cs
  artifactKey: Guid(0c0e20a54eca1e34fb5d5bfd6b40dfda) Importer(815301076,1909f56bfc062723c751e8b465ee728b)
Start importing Assets/Scripts/EnemySpawner.cs using Guid(0c0e20a54eca1e34fb5d5bfd6b40dfda) Importer(815301076,1909f56bfc062723c751e8b465ee728b)  -> (artifact id: '56e6da90030d53e4ecb6dc7eecaf5ee5') in 0.004786 seconds 
========================================================================
Received Import Request.
  Time since last request: 12.947891 seconds.
  path: Assets/Scripts/EnemySpawner.cs
  artifactKey: Guid(0c0e20a54eca1e34fb5d5bfd6b40dfda) Importer(815301076,1909f56bfc062723c751e8b465ee728b)
Start importing Assets/Scripts/EnemySpawner.cs using Guid(0c0e20a54eca1e34fb5d5bfd6b40dfda) Importer(815301076,1909f56bfc062723c751e8b465ee728b)  -> (artifact id: '8836ad5f89f6a497d4ef20066bde34a6') in 0.004661 seconds 
========================================================================
Received Import Request.
  Time since last request: 14.822766 seconds.
  path: Assets/Scripts/EnemySpawner.cs
  artifactKey: Guid(0c0e20a54eca1e34fb5d5bfd6b40dfda) Importer(815301076,1909f56bfc062723c751e8b465ee728b)
Start importing Assets/Scripts/EnemySpawner.cs using Guid(0c0e20a54eca1e34fb5d5bfd6b40dfda) Importer(815301076,1909f56bfc062723c751e8b465ee728b)  -> (artifact id: 'cbfc35bce7ab86cb246949f7e47fd4d3') in 0.004015 seconds 
========================================================================
Received Import Request.
  Time since last request: 47.851699 seconds.
  path: Assets/Scripts/EnemySpawner.cs
  artifactKey: Guid(0c0e20a54eca1e34fb5d5bfd6b40dfda) Importer(815301076,1909f56bfc062723c751e8b465ee728b)
Start importing Assets/Scripts/EnemySpawner.cs using Guid(0c0e20a54eca1e34fb5d5bfd6b40dfda) Importer(815301076,1909f56bfc062723c751e8b465ee728b)  -> (artifact id: '9059720364b29bbe8aa94f831eecd48d') in 0.003237 seconds 
========================================================================
Received Import Request.
  Time since last request: 83.241032 seconds.
  path: Assets/Scripts/EnemySpawner.cs
  artifactKey: Guid(0c0e20a54eca1e34fb5d5bfd6b40dfda) Importer(815301076,1909f56bfc062723c751e8b465ee728b)
Start importing Assets/Scripts/EnemySpawner.cs using Guid(0c0e20a54eca1e34fb5d5bfd6b40dfda) Importer(815301076,1909f56bfc062723c751e8b465ee728b)  -> (artifact id: '58997223499f815fafcda754abc69bec') in 0.004935 seconds 
========================================================================
Received Import Request.
  Time since last request: 55.375411 seconds.
  path: Assets/Scripts/EnemySpawner.cs
  artifactKey: Guid(0c0e20a54eca1e34fb5d5bfd6b40dfda) Importer(815301076,1909f56bfc062723c751e8b465ee728b)
Start importing Assets/Scripts/EnemySpawner.cs using Guid(0c0e20a54eca1e34fb5d5bfd6b40dfda) Importer(815301076,1909f56bfc062723c751e8b465ee728b)  -> (artifact id: 'c10a8461086bbf018571ca6cd650f842') in 0.004849 seconds 
========================================================================
Received Prepare
Registering precompiled user dll's ...
Registered in 0.019796 seconds.
Begin MonoManager ReloadAssembly
Symbol file LoadedFromMemory doesn't match image C:\kmk23\kmk23_A\Library\PackageCache\com.unity.visualscripting@1.8.0\Editor\VisualScripting.Core\Dependencies\YamlDotNet\Unity.VisualScripting.YamlDotNet.dll
Symbol file LoadedFromMemory doesn't match image C:\kmk23\kmk23_A\Library\PackageCache\com.unity.visualscripting@1.8.0\Editor\VisualScripting.Core\Dependencies\DotNetZip\Unity.VisualScripting.IonicZip.dll
Native extension for WindowsStandalone target not found
Refreshing native plugins compatible for Editor in 0.33 ms, found 3 plugins.
Preloading 0 native plugins for Editor in 0.00 ms.
Mono: successfully reloaded assembly
- Completed reload, in  1.100 seconds
Domain Reload Profiling:
	ReloadAssembly (1100ms)
		BeginReloadAssembly (234ms)
			ExecutionOrderSort (0ms)
			DisableScriptedObjects (7ms)
			BackupInstance (0ms)
			ReleaseScriptingObjects (0ms)
			CreateAndSetChildDomain (30ms)
		EndReloadAssembly (720ms)
			LoadAssemblies (187ms)
			RebuildTransferFunctionScriptingTraits (0ms)
			SetupTypeCache (273ms)
			ReleaseScriptCaches (1ms)
			RebuildScriptCaches (31ms)
			SetupLoadedEditorAssemblies (277ms)
				LogAssemblyErrors (0ms)
				InitializePlatformSupportModulesInManaged (11ms)
				SetLoadedEditorAssemblies (0ms)
				RefreshPlugins (0ms)
				BeforeProcessingInitializeOnLoad (55ms)
				ProcessInitializeOnLoadAttributes (171ms)
				ProcessInitializeOnLoadMethodAttributes (18ms)
				AfterProcessingInitializeOnLoad (21ms)
				EditorAssembliesLoaded (0ms)
			ExecutionOrderSort2 (0ms)
			AwakeInstancesAfterBackupRestoration (6ms)
Platform modules already initialized, skipping
Refreshing native plugins compatible for Editor in 1.74 ms, found 3 plugins.
Preloading 0 native plugins for Editor in 0.00 ms.
Unloading 3064 Unused Serialized files (Serialized files now loaded: 0)
Unloading 22 unused Assets / (79.8 KB). Loaded Objects now: 3527.
Memory consumption went from 108.0 MB to 108.0 MB.
Total: 1.738600 ms (FindLiveObjects: 0.124600 ms CreateObjectMapping: 0.057800 ms MarkObjects: 1.510700 ms  DeleteObjects: 0.043400 ms)

AssetImportParameters requested are different than current active one (requested -> active):
  custom:video-decoder-ogg-theora: a1e56fd34408186e4bbccfd4996cb3dc -> 
  custom:container-muxer-webm: aa71ff27fc2769a1b78a27578f13a17b -> 
  custom:container-demuxer-webm: 4f35f7cbe854078d1ac9338744f61a02 -> 
  custom:video-encoder-webm-vp8: eb34c28f22e8b96e1ab97ce403110664 -> 
  custom:audio-encoder-webm-vorbis: bf7c407c2cedff20999df2af8eb42d56 -> 
  custom:framework-win-MediaFoundation: 216162199b28c13a410421893ffa2e32 -> 
  custom:container-demuxer-ogg: 62fdf1f143b41e24485cea50d1cbac27 -> 
  custom:video-decoder-webm-vp8: 9c59270c3fd7afecdb556c50c9e8de78 -> 
  custom:audio-decoder-ogg-vorbis: bf7c407c2cedff20999df2af8eb42d56 -> 
========================================================================
Received Import Request.
  Time since last request: 100.872774 seconds.
  path: Assets/Resources/Prefabs/TowerMonster
  artifactKey: Guid(0b6136e95631cd0479b9ab85e79bb22a) Importer(815301076,1909f56bfc062723c751e8b465ee728b)
Start importing Assets/Resources/Prefabs/TowerMonster using Guid(0b6136e95631cd0479b9ab85e79bb22a) Importer(815301076,1909f56bfc062723c751e8b465ee728b)  -> (artifact id: 'c9b530ec1a8c16c4a3300bff1c231ddd') in 0.005986 seconds 
========================================================================
Received Import Request.
  Time since last request: 0.038495 seconds.
  path: Assets/Resources/Prefabs/Item_000.prefab
  artifactKey: Guid(6111292c6bdbcce4ca4f4279ef7a41ed) Importer(815301076,1909f56bfc062723c751e8b465ee728b)
Start importing Assets/Resources/Prefabs/Item_000.prefab using Guid(6111292c6bdbcce4ca4f4279ef7a41ed) Importer(815301076,1909f56bfc062723c751e8b465ee728b)  -> (artifact id: 'dd30f45e92624445e4c12948ba7211c8') in 0.076270 seconds 
========================================================================
Received Import Request.
  Time since last request: 168.764974 seconds.
  path: Assets/Resources/Prefabs/TowerMonster/Monster_003.prefab
  artifactKey: Guid(a26e089a2f7aea24db6b672674069dee) Importer(815301076,1909f56bfc062723c751e8b465ee728b)
Start importing Assets/Resources/Prefabs/TowerMonster/Monster_003.prefab using Guid(a26e089a2f7aea24db6b672674069dee) Importer(815301076,1909f56bfc062723c751e8b465ee728b)  -> (artifact id: 'aa184ad62bd2ec16bd74278982e842af') in 0.011584 seconds 
========================================================================
Received Import Request.
  Time since last request: 0.555870 seconds.
  path: Assets/Resources/Prefabs/TowerMonster/Monster_001.prefab
  artifactKey: Guid(c62a21cdcd70ba1439ecc6ee578358ac) Importer(815301076,1909f56bfc062723c751e8b465ee728b)
Start importing Assets/Resources/Prefabs/TowerMonster/Monster_001.prefab using Guid(c62a21cdcd70ba1439ecc6ee578358ac) Importer(815301076,1909f56bfc062723c751e8b465ee728b)  -> (artifact id: '5b5cc34c8b94f81be091176b61eaa156') in 0.007904 seconds 
========================================================================
Received Import Request.
  Time since last request: 4.232873 seconds.
  path: Assets/Resources/Prefabs/TowerMonster/Monster_002.prefab
  artifactKey: Guid(d10ed9bca8f8b694e8bbf21384a8d8f4) Importer(815301076,1909f56bfc062723c751e8b465ee728b)
Start importing Assets/Resources/Prefabs/TowerMonster/Monster_002.prefab using Guid(d10ed9bca8f8b694e8bbf21384a8d8f4) Importer(815301076,1909f56bfc062723c751e8b465ee728b)  -> (artifact id: '5fa45dfa60b2de8df25bb2add4b5a9d7') in 0.008214 seconds 
========================================================================
Received Import Request.
  Time since last request: 120.563827 seconds.
  path: Assets/Resources/Prefabs/TowerMonster/Monster_003.prefab
  artifactKey: Guid(a26e089a2f7aea24db6b672674069dee) Importer(815301076,1909f56bfc062723c751e8b465ee728b)
Start importing Assets/Resources/Prefabs/TowerMonster/Monster_003.prefab using Guid(a26e089a2f7aea24db6b672674069dee) Importer(815301076,1909f56bfc062723c751e8b465ee728b)  -> (artifact id: '7ff9b403ebec21a12dee45665f656a7b') in 0.008555 seconds 
========================================================================
Received Import Request.
  Time since last request: 0.697419 seconds.
  path: Assets/Resources/Prefabs/TowerMonster/Monster_001.prefab
  artifactKey: Guid(c62a21cdcd70ba1439ecc6ee578358ac) Importer(815301076,1909f56bfc062723c751e8b465ee728b)
Start importing Assets/Resources/Prefabs/TowerMonster/Monster_001.prefab using Guid(c62a21cdcd70ba1439ecc6ee578358ac) Importer(815301076,1909f56bfc062723c751e8b465ee728b)  -> (artifact id: 'b02d69f560aa508355ce1200f7a8f64e') in 0.009332 seconds 
========================================================================
Received Import Request.
  Time since last request: 0.369136 seconds.
  path: Assets/Resources/Prefabs/TowerMonster/Monster_002.prefab
  artifactKey: Guid(d10ed9bca8f8b694e8bbf21384a8d8f4) Importer(815301076,1909f56bfc062723c751e8b465ee728b)
Start importing Assets/Resources/Prefabs/TowerMonster/Monster_002.prefab using Guid(d10ed9bca8f8b694e8bbf21384a8d8f4) Importer(815301076,1909f56bfc062723c751e8b465ee728b)  -> (artifact id: 'b74b96fd740c42426708a7c64cbe0fc7') in 0.007694 seconds 
========================================================================
Received Import Request.
  Time since last request: 115.960065 seconds.
  path: Assets/Resources/Prefabs/TowerMonster/Monster_002.prefab
  artifactKey: Guid(d10ed9bca8f8b694e8bbf21384a8d8f4) Importer(815301076,1909f56bfc062723c751e8b465ee728b)
Start importing Assets/Resources/Prefabs/TowerMonster/Monster_002.prefab using Guid(d10ed9bca8f8b694e8bbf21384a8d8f4) Importer(815301076,1909f56bfc062723c751e8b465ee728b)  -> (artifact id: '7a14e139b0053aad425eded709983ec3') in 0.009820 seconds 
========================================================================
Received Import Request.
  Time since last request: 6.036027 seconds.
  path: Assets/Resources/Prefabs/TowerMonster/Monster_001.prefab
  artifactKey: Guid(c62a21cdcd70ba1439ecc6ee578358ac) Importer(815301076,1909f56bfc062723c751e8b465ee728b)
Start importing Assets/Resources/Prefabs/TowerMonster/Monster_001.prefab using Guid(c62a21cdcd70ba1439ecc6ee578358ac) Importer(815301076,1909f56bfc062723c751e8b465ee728b)  -> (artifact id: 'cdead6b639086b2aa99e470602e5585a') in 0.008880 seconds 
========================================================================
Received Prepare
Registering precompiled user dll's ...
Registered in 0.012896 seconds.
Begin MonoManager ReloadAssembly
Symbol file LoadedFromMemory doesn't match image C:\kmk23\kmk23_A\Library\PackageCache\com.unity.visualscripting@1.8.0\Editor\VisualScripting.Core\Dependencies\YamlDotNet\Unity.VisualScripting.YamlDotNet.dll
Symbol file LoadedFromMemory doesn't match image C:\kmk23\kmk23_A\Library\PackageCache\com.unity.visualscripting@1.8.0\Editor\VisualScripting.Core\Dependencies\DotNetZip\Unity.VisualScripting.IonicZip.dll
Native extension for WindowsStandalone target not found
Refreshing native plugins compatible for Editor in 0.37 ms, found 3 plugins.
Preloading 0 native plugins for Editor in 0.00 ms.
Mono: successfully reloaded assembly
- Completed reload, in  0.831 seconds
Domain Reload Profiling:
	ReloadAssembly (831ms)
		BeginReloadAssembly (161ms)
			ExecutionOrderSort (0ms)
			DisableScriptedObjects (3ms)
			BackupInstance (0ms)
			ReleaseScriptingObjects (0ms)
			CreateAndSetChildDomain (25ms)
		EndReloadAssembly (572ms)
			LoadAssemblies (131ms)
			RebuildTransferFunctionScriptingTraits (0ms)
			SetupTypeCache (178ms)
			ReleaseScriptCaches (1ms)
			RebuildScriptCaches (26ms)
			SetupLoadedEditorAssemblies (245ms)
				LogAssemblyErrors (0ms)
				InitializePlatformSupportModulesInManaged (13ms)
				SetLoadedEditorAssemblies (0ms)
				RefreshPlugins (0ms)
				BeforeProcessingInitializeOnLoad (68ms)
				ProcessInitializeOnLoadAttributes (128ms)
				ProcessInitializeOnLoadMethodAttributes (12ms)
				AfterProcessingInitializeOnLoad (22ms)
				EditorAssembliesLoaded (0ms)
			ExecutionOrderSort2 (0ms)
			AwakeInstancesAfterBackupRestoration (8ms)
Platform modules already initialized, skipping
Refreshing native plugins compatible for Editor in 2.04 ms, found 3 plugins.
Preloading 0 native plugins for Editor in 0.00 ms.
Unloading 3064 Unused Serialized files (Serialized files now loaded: 0)
Unloading 22 unused Assets / (79.9 KB). Loaded Objects now: 3541.
Memory consumption went from 112.5 MB to 112.4 MB.
Total: 1.783900 ms (FindLiveObjects: 0.162000 ms CreateObjectMapping: 0.069300 ms MarkObjects: 1.505600 ms  DeleteObjects: 0.046400 ms)

AssetImportParameters requested are different than current active one (requested -> active):
  custom:video-decoder-ogg-theora: a1e56fd34408186e4bbccfd4996cb3dc -> 
  custom:container-muxer-webm: aa71ff27fc2769a1b78a27578f13a17b -> 
  custom:container-demuxer-webm: 4f35f7cbe854078d1ac9338744f61a02 -> 
  custom:video-encoder-webm-vp8: eb34c28f22e8b96e1ab97ce403110664 -> 
  custom:audio-encoder-webm-vorbis: bf7c407c2cedff20999df2af8eb42d56 -> 
  custom:framework-win-MediaFoundation: 216162199b28c13a410421893ffa2e32 -> 
  custom:container-demuxer-ogg: 62fdf1f143b41e24485cea50d1cbac27 -> 
  custom:video-decoder-webm-vp8: 9c59270c3fd7afecdb556c50c9e8de78 -> 
  custom:audio-decoder-ogg-vorbis: bf7c407c2cedff20999df2af8eb42d56 -> 
========================================================================
Received Import Request.
  Time since last request: 83.021127 seconds.
  path: Assets/Resources/Prefabs/TowerMonster/Monster_003.prefab
  artifactKey: Guid(a26e089a2f7aea24db6b672674069dee) Importer(815301076,1909f56bfc062723c751e8b465ee728b)
Start importing Assets/Resources/Prefabs/TowerMonster/Monster_003.prefab using Guid(a26e089a2f7aea24db6b672674069dee) Importer(815301076,1909f56bfc062723c751e8b465ee728b)  -> (artifact id: '0af10415298062ad984286daa76b7e4c') in 0.050428 seconds 
========================================================================
Received Import Request.
  Time since last request: 45.306365 seconds.
  path: Assets/Resources/Prefabs/TowerMonster/Monster_002.prefab
  artifactKey: Guid(d10ed9bca8f8b694e8bbf21384a8d8f4) Importer(815301076,1909f56bfc062723c751e8b465ee728b)
Start importing Assets/Resources/Prefabs/TowerMonster/Monster_002.prefab using Guid(d10ed9bca8f8b694e8bbf21384a8d8f4) Importer(815301076,1909f56bfc062723c751e8b465ee728b)  -> (artifact id: '7365278b180eb6a91a168aebd090438b') in 0.008498 seconds 
========================================================================
Received Import Request.
  Time since last request: 4.521741 seconds.
  path: Assets/Resources/Prefabs/TowerMonster/Monster_001.prefab
  artifactKey: Guid(c62a21cdcd70ba1439ecc6ee578358ac) Importer(815301076,1909f56bfc062723c751e8b465ee728b)
Start importing Assets/Resources/Prefabs/TowerMonster/Monster_001.prefab using Guid(c62a21cdcd70ba1439ecc6ee578358ac) Importer(815301076,1909f56bfc062723c751e8b465ee728b)  -> (artifact id: '6bbff02ede1d1e57f058b60496e80a8f') in 0.008657 seconds 
========================================================================
Received Import Request.
  Time since last request: 1.256298 seconds.
  path: Assets/Resources/Prefabs/TowerMonster/Monster_003.prefab
  artifactKey: Guid(a26e089a2f7aea24db6b672674069dee) Importer(815301076,1909f56bfc062723c751e8b465ee728b)
Start importing Assets/Resources/Prefabs/TowerMonster/Monster_003.prefab using Guid(a26e089a2f7aea24db6b672674069dee) Importer(815301076,1909f56bfc062723c751e8b465ee728b)  -> (artifact id: 'cbf420b29e5d349076fe6929a306aaca') in 0.008609 seconds 
========================================================================
Received Prepare
Registering precompiled user dll's ...
Registered in 0.013791 seconds.
Begin MonoManager ReloadAssembly
Symbol file LoadedFromMemory doesn't match image C:\kmk23\kmk23_A\Library\PackageCache\com.unity.visualscripting@1.8.0\Editor\VisualScripting.Core\Dependencies\YamlDotNet\Unity.VisualScripting.YamlDotNet.dll
Symbol file LoadedFromMemory doesn't match image C:\kmk23\kmk23_A\Library\PackageCache\com.unity.visualscripting@1.8.0\Editor\VisualScripting.Core\Dependencies\DotNetZip\Unity.VisualScripting.IonicZip.dll
Native extension for WindowsStandalone target not found
Refreshing native plugins compatible for Editor in 0.37 ms, found 3 plugins.
Preloading 0 native plugins for Editor in 0.00 ms.
Mono: successfully reloaded assembly
- Completed reload, in  0.831 seconds
Domain Reload Profiling:
	ReloadAssembly (832ms)
		BeginReloadAssembly (158ms)
			ExecutionOrderSort (0ms)
			DisableScriptedObjects (3ms)
			BackupInstance (0ms)
			ReleaseScriptingObjects (0ms)
			CreateAndSetChildDomain (24ms)
		EndReloadAssembly (574ms)
			LoadAssemblies (135ms)
			RebuildTransferFunctionScriptingTraits (0ms)
			SetupTypeCache (176ms)
			ReleaseScriptCaches (1ms)
			RebuildScriptCaches (24ms)
			SetupLoadedEditorAssemblies (246ms)
				LogAssemblyErrors (0ms)
				InitializePlatformSupportModulesInManaged (13ms)
				SetLoadedEditorAssemblies (0ms)
				RefreshPlugins (0ms)
				BeforeProcessingInitializeOnLoad (72ms)
				ProcessInitializeOnLoadAttributes (125ms)
				ProcessInitializeOnLoadMethodAttributes (12ms)
				AfterProcessingInitializeOnLoad (23ms)
				EditorAssembliesLoaded (0ms)
			ExecutionOrderSort2 (0ms)
			AwakeInstancesAfterBackupRestoration (8ms)
Platform modules already initialized, skipping
Refreshing native plugins compatible for Editor in 1.86 ms, found 3 plugins.
Preloading 0 native plugins for Editor in 0.00 ms.
Unloading 3064 Unused Serialized files (Serialized files now loaded: 0)
Unloading 22 unused Assets / (79.9 KB). Loaded Objects now: 3544.
Memory consumption went from 112.5 MB to 112.4 MB.
Total: 1.911000 ms (FindLiveObjects: 0.140500 ms CreateObjectMapping: 0.060600 ms MarkObjects: 1.651500 ms  DeleteObjects: 0.057800 ms)

AssetImportParameters requested are different than current active one (requested -> active):
  custom:video-decoder-ogg-theora: a1e56fd34408186e4bbccfd4996cb3dc -> 
  custom:container-muxer-webm: aa71ff27fc2769a1b78a27578f13a17b -> 
  custom:container-demuxer-webm: 4f35f7cbe854078d1ac9338744f61a02 -> 
  custom:video-encoder-webm-vp8: eb34c28f22e8b96e1ab97ce403110664 -> 
  custom:audio-encoder-webm-vorbis: bf7c407c2cedff20999df2af8eb42d56 -> 
  custom:framework-win-MediaFoundation: 216162199b28c13a410421893ffa2e32 -> 
  custom:container-demuxer-ogg: 62fdf1f143b41e24485cea50d1cbac27 -> 
  custom:video-decoder-webm-vp8: 9c59270c3fd7afecdb556c50c9e8de78 -> 
  custom:audio-decoder-ogg-vorbis: bf7c407c2cedff20999df2af8eb42d56 -> 
========================================================================
Received Prepare
Registering precompiled user dll's ...
Registered in 0.012080 seconds.
Begin MonoManager ReloadAssembly
Symbol file LoadedFromMemory doesn't match image C:\kmk23\kmk23_A\Library\PackageCache\com.unity.visualscripting@1.8.0\Editor\VisualScripting.Core\Dependencies\YamlDotNet\Unity.VisualScripting.YamlDotNet.dll
Symbol file LoadedFromMemory doesn't match image C:\kmk23\kmk23_A\Library\PackageCache\com.unity.visualscripting@1.8.0\Editor\VisualScripting.Core\Dependencies\DotNetZip\Unity.VisualScripting.IonicZip.dll
Native extension for WindowsStandalone target not found
Refreshing native plugins compatible for Editor in 0.38 ms, found 3 plugins.
Preloading 0 native plugins for Editor in 0.00 ms.
Mono: successfully reloaded assembly
- Completed reload, in  0.812 seconds
Domain Reload Profiling:
	ReloadAssembly (813ms)
		BeginReloadAssembly (162ms)
			ExecutionOrderSort (0ms)
			DisableScriptedObjects (4ms)
			BackupInstance (0ms)
			ReleaseScriptingObjects (0ms)
			CreateAndSetChildDomain (23ms)
		EndReloadAssembly (551ms)
			LoadAssemblies (135ms)
			RebuildTransferFunctionScriptingTraits (0ms)
			SetupTypeCache (173ms)
			ReleaseScriptCaches (1ms)
			RebuildScriptCaches (24ms)
			SetupLoadedEditorAssemblies (225ms)
				LogAssemblyErrors (0ms)
				InitializePlatformSupportModulesInManaged (11ms)
				SetLoadedEditorAssemblies (0ms)
				RefreshPlugins (0ms)
				BeforeProcessingInitializeOnLoad (61ms)
				ProcessInitializeOnLoadAttributes (123ms)
				ProcessInitializeOnLoadMethodAttributes (12ms)
				AfterProcessingInitializeOnLoad (17ms)
				EditorAssembliesLoaded (0ms)
			ExecutionOrderSort2 (0ms)
			AwakeInstancesAfterBackupRestoration (9ms)
Platform modules already initialized, skipping
Refreshing native plugins compatible for Editor in 2.28 ms, found 3 plugins.
Preloading 0 native plugins for Editor in 0.00 ms.
Unloading 3064 Unused Serialized files (Serialized files now loaded: 0)
Unloading 22 unused Assets / (79.8 KB). Loaded Objects now: 3547.
Memory consumption went from 112.5 MB to 112.5 MB.
Total: 1.882200 ms (FindLiveObjects: 0.143800 ms CreateObjectMapping: 0.060000 ms MarkObjects: 1.627400 ms  DeleteObjects: 0.050400 ms)

AssetImportParameters requested are different than current active one (requested -> active):
  custom:video-decoder-ogg-theora: a1e56fd34408186e4bbccfd4996cb3dc -> 
  custom:container-muxer-webm: aa71ff27fc2769a1b78a27578f13a17b -> 
  custom:container-demuxer-webm: 4f35f7cbe854078d1ac9338744f61a02 -> 
  custom:video-encoder-webm-vp8: eb34c28f22e8b96e1ab97ce403110664 -> 
  custom:audio-encoder-webm-vorbis: bf7c407c2cedff20999df2af8eb42d56 -> 
  custom:framework-win-MediaFoundation: 216162199b28c13a410421893ffa2e32 -> 
  custom:container-demuxer-ogg: 62fdf1f143b41e24485cea50d1cbac27 -> 
  custom:video-decoder-webm-vp8: 9c59270c3fd7afecdb556c50c9e8de78 -> 
  custom:audio-decoder-ogg-vorbis: bf7c407c2cedff20999df2af8eb42d56 -> 
========================================================================
Received Import Request.
  Time since last request: 43.271761 seconds.
  path: Assets/Scenes/PathPoint_1005.unity
  artifactKey: Guid(a19810191b863e243a21fbe5b5caf75f) Importer(815301076,1909f56bfc062723c751e8b465ee728b)
Start importing Assets/Scenes/PathPoint_1005.unity using Guid(a19810191b863e243a21fbe5b5caf75f) Importer(815301076,1909f56bfc062723c751e8b465ee728b)  -> (artifact id: '7b7894b45581c37221241f58efbf92b9') in 0.007189 seconds 
========================================================================
Received Import Request.
  Time since last request: 61.905841 seconds.
  path: Assets/Scenes/SpawnPoint_1005.unity
  artifactKey: Guid(a19810191b863e243a21fbe5b5caf75f) Importer(815301076,1909f56bfc062723c751e8b465ee728b)
Start importing Assets/Scenes/SpawnPoint_1005.unity using Guid(a19810191b863e243a21fbe5b5caf75f) Importer(815301076,1909f56bfc062723c751e8b465ee728b)  -> (artifact id: '382e572767ed69abac6eebd8e69aef9f') in 0.003349 seconds 
